app/build/intermediates/manifest_merge_blame_file/debug/manifest-merger-blame-debug-report.txt
1<?xml version="1.0" encoding="utf-8"?>
2<manifest xmlns:android="http://schemas.android.com/apk/res/android"
3    package="com.example.madpossystem"
4    android:versionCode="1"
5    android:versionName="1.0" >
6
7    <uses-sdk
8        android:minSdkVersion="19"
8-->src\main\AndroidManifest.xml
9        android:targetSdkVersion="29" />
9-->src\main\AndroidManifest.xml
10
11    <uses-permission android:name="android.permission.SEND_SMS" />
11-->src\main\AndroidManifest.xml:5:5-67
11-->src\main\AndroidManifest.xml:5:22-64
12    <uses-permission android:name="android.permission.CALL_PHONE" />
12-->src\main\AndroidManifest.xml:6:5-69
12-->src\main\AndroidManifest.xml:6:22-66
13    <uses-permission android:name="android.permission.MANAGE_OWN_CALLS" />
13-->src\main\AndroidManifest.xml:7:5-75
13-->src\main\AndroidManifest.xml:7:22-72
14    <uses-permission android:name="android.permission.READ_CALL_LOG" />
14-->src\main\AndroidManifest.xml:8:5-72
14-->src\main\AndroidManifest.xml:8:22-69
15    <!--
16 Needed only if your calling app reads numbers from the `PHONE_STATE`
17         intent action.
18    -->
19    <uses-permission android:name="android.permission.READ_PHONE_STATE" />
19-->src\main\AndroidManifest.xml:13:5-75
19-->src\main\AndroidManifest.xml:13:22-72
20
21    <application
21-->src\main\AndroidManifest.xml:15:5-40:19
22        android:allowBackup="true"
22-->src\main\AndroidManifest.xml:16:9-35
23        android:appComponentFactory="androidx.core.app.CoreComponentFactory"
23-->[androidx.core:core:1.1.0] AndroidManifest.xml:24:18-86
24        android:debuggable="true"
25        android:icon="@mipmap/ic_launcher"
25-->src\main\AndroidManifest.xml:17:9-43
26        android:label="@string/app_name"
26-->src\main\AndroidManifest.xml:18:9-41
27        android:roundIcon="@mipmap/ic_launcher_round"
27-->src\main\AndroidManifest.xml:19:9-54
28        android:supportsRtl="true"
28-->src\main\AndroidManifest.xml:20:9-35
29        android:testOnly="true"
30        android:theme="@style/AppTheme" >
30-->src\main\AndroidManifest.xml:21:9-40
31        <activity android:name="com.example.madpossystem.email" />
31-->src\main\AndroidManifest.xml:22:9-52
31-->src\main\AndroidManifest.xml:22:19-40
32        <activity android:name="com.example.madpossystem.calling" />
32-->src\main\AndroidManifest.xml:23:9-45
32-->src\main\AndroidManifest.xml:23:19-42
33
34        <service
34-->src\main\AndroidManifest.xml:25:9-27:40
35            android:name="com.example.madpossystem.connection"
35-->src\main\AndroidManifest.xml:26:13-39
36            android:exported="false" />
36-->src\main\AndroidManifest.xml:27:13-37
37
38        <activity android:name="com.example.madpossystem.calculator" />
38-->src\main\AndroidManifest.xml:29:9-48
38-->src\main\AndroidManifest.xml:29:19-45
39        <activity android:name="com.example.madpossystem.sms" />
39-->src\main\AndroidManifest.xml:30:9-41
39-->src\main\AndroidManifest.xml:30:19-38
40        <activity android:name="com.example.madpossystem.ThirdActivity" />
40-->src\main\AndroidManifest.xml:31:9-51
40-->src\main\AndroidManifest.xml:31:19-48
41        <activity android:name="com.example.madpossystem.SecondActivity" />
41-->src\main\AndroidManifest.xml:32:9-52
41-->src\main\AndroidManifest.xml:32:19-49
42        <activity android:name="com.example.madpossystem.MainActivity" >
42-->src\main\AndroidManifest.xml:33:9-39:20
42-->src\main\AndroidManifest.xml:33:19-47
43            <intent-filter>
43-->src\main\AndroidManifest.xml:34:13-38:29
44                <action android:name="android.intent.action.MAIN" />
44-->src\main\AndroidManifest.xml:35:17-69
44-->src\main\AndroidManifest.xml:35:25-66
45
46                <category android:name="android.intent.category.LAUNCHER" />
46-->src\main\AndroidManifest.xml:37:17-77
46-->src\main\AndroidManifest.xml:37:27-74
47            </intent-filter>
48        </activity>
49    </application>
50
51</manifest>